<?xml version="1.0" encoding="UTF-8"?>
<testsuite xmlns:xsi="http://www.w3.org/2001/XMLSchema-instance" xsi:noNamespaceSchemaLocation="https://maven.apache.org/surefire/maven-surefire-plugin/xsd/surefire-test-report-3.0.xsd" version="3.0" name="cucumber.options.RunnerTest" time="7.146" tests="2" errors="0" skipped="0" failures="0">
  <properties>
    <property name="java.specification.version" value="19"/>
    <property name="sun.cpu.isalist" value="amd64"/>
    <property name="sun.jnu.encoding" value="Cp1252"/>
    <property name="java.class.path" value="C:\suganya\myJavaPrograms\RSA\target\test-classes;C:\suganya\myJavaPrograms\RSA\target\classes;C:\Users\Dumbledore\.m2\repository\junit\junit\4.11\junit-4.11.jar;C:\Users\Dumbledore\.m2\repository\org\hamcrest\hamcrest-core\1.3\hamcrest-core-1.3.jar;C:\Users\Dumbledore\.m2\repository\io\cucumber\cucumber-junit\4.8.0\cucumber-junit-4.8.0.jar;C:\Users\Dumbledore\.m2\repository\org\apiguardian\apiguardian-api\1.1.0\apiguardian-api-1.1.0.jar;C:\Users\Dumbledore\.m2\repository\io\cucumber\cucumber-core\4.8.0\cucumber-core-4.8.0.jar;C:\Users\Dumbledore\.m2\repository\io\cucumber\gherkin\5.1.0\gherkin-5.1.0.jar;C:\Users\Dumbledore\.m2\repository\io\cucumber\tag-expressions\1.1.1\tag-expressions-1.1.1.jar;C:\Users\Dumbledore\.m2\repository\io\cucumber\cucumber-expressions\7.0.2\cucumber-expressions-7.0.2.jar;C:\Users\Dumbledore\.m2\repository\io\cucumber\datatable\1.1.14\datatable-1.1.14.jar;C:\Users\Dumbledore\.m2\repository\io\cucumber\datatable-dependencies\1.1.14\datatable-dependencies-1.1.14.jar;C:\Users\Dumbledore\.m2\repository\io\cucumber\cucumber-java\4.8.0\cucumber-java-4.8.0.jar;C:\Users\Dumbledore\.m2\repository\io\rest-assured\rest-assured\4.3.0\rest-assured-4.3.0.jar;C:\Users\Dumbledore\.m2\repository\org\codehaus\groovy\groovy\3.0.2\groovy-3.0.2.jar;C:\Users\Dumbledore\.m2\repository\org\codehaus\groovy\groovy-xml\3.0.2\groovy-xml-3.0.2.jar;C:\Users\Dumbledore\.m2\repository\org\apache\httpcomponents\httpclient\4.5.3\httpclient-4.5.3.jar;C:\Users\Dumbledore\.m2\repository\org\apache\httpcomponents\httpcore\4.4.6\httpcore-4.4.6.jar;C:\Users\Dumbledore\.m2\repository\commons-logging\commons-logging\1.2\commons-logging-1.2.jar;C:\Users\Dumbledore\.m2\repository\commons-codec\commons-codec\1.9\commons-codec-1.9.jar;C:\Users\Dumbledore\.m2\repository\org\apache\httpcomponents\httpmime\4.5.3\httpmime-4.5.3.jar;C:\Users\Dumbledore\.m2\repository\org\hamcrest\hamcrest\2.1\hamcrest-2.1.jar;C:\Users\Dumbledore\.m2\repository\org\ccil\cowan\tagsoup\tagsoup\1.2.1\tagsoup-1.2.1.jar;C:\Users\Dumbledore\.m2\repository\io\rest-assured\json-path\4.3.0\json-path-4.3.0.jar;C:\Users\Dumbledore\.m2\repository\org\codehaus\groovy\groovy-json\3.0.2\groovy-json-3.0.2.jar;C:\Users\Dumbledore\.m2\repository\io\rest-assured\rest-assured-common\4.3.0\rest-assured-common-4.3.0.jar;C:\Users\Dumbledore\.m2\repository\io\rest-assured\xml-path\4.3.0\xml-path-4.3.0.jar;C:\Users\Dumbledore\.m2\repository\org\apache\commons\commons-lang3\3.4\commons-lang3-3.4.jar;C:\Users\Dumbledore\.m2\repository\jakarta\xml\bind\jakarta.xml.bind-api\2.3.2\jakarta.xml.bind-api-2.3.2.jar;C:\Users\Dumbledore\.m2\repository\jakarta\activation\jakarta.activation-api\1.2.1\jakarta.activation-api-1.2.1.jar;C:\Users\Dumbledore\.m2\repository\com\sun\xml\bind\jaxb-osgi\2.3.0.1\jaxb-osgi-2.3.0.1.jar;C:\Users\Dumbledore\.m2\repository\org\apache\sling\org.apache.sling.javax.activation\0.1.0\org.apache.sling.javax.activation-0.1.0.jar;C:\Users\Dumbledore\.m2\repository\javax\activation\activation\1.1.1\activation-1.1.1.jar;C:\Users\Dumbledore\.m2\repository\com\fasterxml\jackson\core\jackson-databind\2.10.1\jackson-databind-2.10.1.jar;C:\Users\Dumbledore\.m2\repository\com\fasterxml\jackson\core\jackson-annotations\2.10.1\jackson-annotations-2.10.1.jar;C:\Users\Dumbledore\.m2\repository\com\fasterxml\jackson\core\jackson-core\2.10.1\jackson-core-2.10.1.jar;C:\Users\Dumbledore\.m2\repository\com\google\code\gson\gson\2.9.0\gson-2.9.0.jar;C:\Users\Dumbledore\.m2\repository\com\fasterxml\jackson\datatype\jackson-datatype-jdk8\2.9.9\jackson-datatype-jdk8-2.9.9.jar;C:\Users\Dumbledore\.m2\repository\org\apache\maven\plugins\maven-surefire-plugin\3.0.0-M4\maven-surefire-plugin-3.0.0-M4.jar;C:\Users\Dumbledore\.m2\repository\org\apache\maven\surefire\maven-surefire-common\3.0.0-M4\maven-surefire-common-3.0.0-M4.jar;C:\Users\Dumbledore\.m2\repository\org\apache\maven\surefire\surefire-api\3.0.0-M4\surefire-api-3.0.0-M4.jar;C:\Users\Dumbledore\.m2\repository\org\apache\maven\surefire\surefire-logger-api\3.0.0-M4\surefire-logger-api-3.0.0-M4.jar;C:\Users\Dumbledore\.m2\repository\org\apache\maven\surefire\surefire-extensions-api\3.0.0-M4\surefire-extensions-api-3.0.0-M4.jar;C:\Users\Dumbledore\.m2\repository\org\apache\maven\surefire\surefire-booter\3.0.0-M4\surefire-booter-3.0.0-M4.jar;C:\Users\Dumbledore\.m2\repository\org\apache\maven\maven-toolchain\3.0-alpha-2\maven-toolchain-3.0-alpha-2.jar;C:\Users\Dumbledore\.m2\repository\org\apache\maven\shared\maven-artifact-transfer\0.11.0\maven-artifact-transfer-0.11.0.jar;C:\Users\Dumbledore\.m2\repository\org\apache\maven\shared\maven-common-artifact-filters\3.0.1\maven-common-artifact-filters-3.0.1.jar;C:\Users\Dumbledore\.m2\repository\org\apache\maven\maven-model\3.0\maven-model-3.0.jar;C:\Users\Dumbledore\.m2\repository\org\apache\maven\maven-plugin-api\3.0\maven-plugin-api-3.0.jar;C:\Users\Dumbledore\.m2\repository\org\sonatype\sisu\sisu-inject-plexus\1.4.2\sisu-inject-plexus-1.4.2.jar;C:\Users\Dumbledore\.m2\repository\org\codehaus\plexus\plexus-classworlds\2.2.3\plexus-classworlds-2.2.3.jar;C:\Users\Dumbledore\.m2\repository\org\sonatype\sisu\sisu-inject-bean\1.4.2\sisu-inject-bean-1.4.2.jar;C:\Users\Dumbledore\.m2\repository\org\sonatype\sisu\sisu-guice\2.1.7\sisu-guice-2.1.7-noaop.jar;C:\Users\Dumbledore\.m2\repository\org\apache\maven\shared\maven-shared-utils\3.1.0\maven-shared-utils-3.1.0.jar;C:\Users\Dumbledore\.m2\repository\commons-io\commons-io\2.5\commons-io-2.5.jar;C:\Users\Dumbledore\.m2\repository\org\codehaus\plexus\plexus-java\1.0.3\plexus-java-1.0.3.jar;C:\Users\Dumbledore\.m2\repository\org\ow2\asm\asm\7.0\asm-7.0.jar;C:\Users\Dumbledore\.m2\repository\com\thoughtworks\qdox\qdox\2.0-M9\qdox-2.0-M9.jar;"/>
    <property name="java.vm.vendor" value="Oracle Corporation"/>
    <property name="sun.arch.data.model" value="64"/>
    <property name="user.variant" value=""/>
    <property name="java.vendor.url" value="https://java.oracle.com/"/>
    <property name="user.timezone" value="America/Chicago"/>
    <property name="os.name" value="Windows 10"/>
    <property name="java.vm.specification.version" value="19"/>
    <property name="sun.java.launcher" value="SUN_STANDARD"/>
    <property name="user.country" value="US"/>
    <property name="sun.boot.library.path" value="C:\Program Files\Java\jdk-19\bin"/>
    <property name="sun.java.command" value="C:\Users\Dumbledore\AppData\Local\Temp\surefire14208867692452425486\surefirebooter-20230218170343136_3.jar C:\Users\Dumbledore\AppData\Local\Temp\surefire14208867692452425486 2023-02-18T17-03-42_701-jvmRun1 surefire-20230218170343136_1tmp surefire_0-20230218170343136_2tmp"/>
    <property name="jdk.debug" value="release"/>
    <property name="surefire.test.class.path" value="C:\suganya\myJavaPrograms\RSA\target\test-classes;C:\suganya\myJavaPrograms\RSA\target\classes;C:\Users\Dumbledore\.m2\repository\junit\junit\4.11\junit-4.11.jar;C:\Users\Dumbledore\.m2\repository\org\hamcrest\hamcrest-core\1.3\hamcrest-core-1.3.jar;C:\Users\Dumbledore\.m2\repository\io\cucumber\cucumber-junit\4.8.0\cucumber-junit-4.8.0.jar;C:\Users\Dumbledore\.m2\repository\org\apiguardian\apiguardian-api\1.1.0\apiguardian-api-1.1.0.jar;C:\Users\Dumbledore\.m2\repository\io\cucumber\cucumber-core\4.8.0\cucumber-core-4.8.0.jar;C:\Users\Dumbledore\.m2\repository\io\cucumber\gherkin\5.1.0\gherkin-5.1.0.jar;C:\Users\Dumbledore\.m2\repository\io\cucumber\tag-expressions\1.1.1\tag-expressions-1.1.1.jar;C:\Users\Dumbledore\.m2\repository\io\cucumber\cucumber-expressions\7.0.2\cucumber-expressions-7.0.2.jar;C:\Users\Dumbledore\.m2\repository\io\cucumber\datatable\1.1.14\datatable-1.1.14.jar;C:\Users\Dumbledore\.m2\repository\io\cucumber\datatable-dependencies\1.1.14\datatable-dependencies-1.1.14.jar;C:\Users\Dumbledore\.m2\repository\io\cucumber\cucumber-java\4.8.0\cucumber-java-4.8.0.jar;C:\Users\Dumbledore\.m2\repository\io\rest-assured\rest-assured\4.3.0\rest-assured-4.3.0.jar;C:\Users\Dumbledore\.m2\repository\org\codehaus\groovy\groovy\3.0.2\groovy-3.0.2.jar;C:\Users\Dumbledore\.m2\repository\org\codehaus\groovy\groovy-xml\3.0.2\groovy-xml-3.0.2.jar;C:\Users\Dumbledore\.m2\repository\org\apache\httpcomponents\httpclient\4.5.3\httpclient-4.5.3.jar;C:\Users\Dumbledore\.m2\repository\org\apache\httpcomponents\httpcore\4.4.6\httpcore-4.4.6.jar;C:\Users\Dumbledore\.m2\repository\commons-logging\commons-logging\1.2\commons-logging-1.2.jar;C:\Users\Dumbledore\.m2\repository\commons-codec\commons-codec\1.9\commons-codec-1.9.jar;C:\Users\Dumbledore\.m2\repository\org\apache\httpcomponents\httpmime\4.5.3\httpmime-4.5.3.jar;C:\Users\Dumbledore\.m2\repository\org\hamcrest\hamcrest\2.1\hamcrest-2.1.jar;C:\Users\Dumbledore\.m2\repository\org\ccil\cowan\tagsoup\tagsoup\1.2.1\tagsoup-1.2.1.jar;C:\Users\Dumbledore\.m2\repository\io\rest-assured\json-path\4.3.0\json-path-4.3.0.jar;C:\Users\Dumbledore\.m2\repository\org\codehaus\groovy\groovy-json\3.0.2\groovy-json-3.0.2.jar;C:\Users\Dumbledore\.m2\repository\io\rest-assured\rest-assured-common\4.3.0\rest-assured-common-4.3.0.jar;C:\Users\Dumbledore\.m2\repository\io\rest-assured\xml-path\4.3.0\xml-path-4.3.0.jar;C:\Users\Dumbledore\.m2\repository\org\apache\commons\commons-lang3\3.4\commons-lang3-3.4.jar;C:\Users\Dumbledore\.m2\repository\jakarta\xml\bind\jakarta.xml.bind-api\2.3.2\jakarta.xml.bind-api-2.3.2.jar;C:\Users\Dumbledore\.m2\repository\jakarta\activation\jakarta.activation-api\1.2.1\jakarta.activation-api-1.2.1.jar;C:\Users\Dumbledore\.m2\repository\com\sun\xml\bind\jaxb-osgi\2.3.0.1\jaxb-osgi-2.3.0.1.jar;C:\Users\Dumbledore\.m2\repository\org\apache\sling\org.apache.sling.javax.activation\0.1.0\org.apache.sling.javax.activation-0.1.0.jar;C:\Users\Dumbledore\.m2\repository\javax\activation\activation\1.1.1\activation-1.1.1.jar;C:\Users\Dumbledore\.m2\repository\com\fasterxml\jackson\core\jackson-databind\2.10.1\jackson-databind-2.10.1.jar;C:\Users\Dumbledore\.m2\repository\com\fasterxml\jackson\core\jackson-annotations\2.10.1\jackson-annotations-2.10.1.jar;C:\Users\Dumbledore\.m2\repository\com\fasterxml\jackson\core\jackson-core\2.10.1\jackson-core-2.10.1.jar;C:\Users\Dumbledore\.m2\repository\com\google\code\gson\gson\2.9.0\gson-2.9.0.jar;C:\Users\Dumbledore\.m2\repository\com\fasterxml\jackson\datatype\jackson-datatype-jdk8\2.9.9\jackson-datatype-jdk8-2.9.9.jar;C:\Users\Dumbledore\.m2\repository\org\apache\maven\plugins\maven-surefire-plugin\3.0.0-M4\maven-surefire-plugin-3.0.0-M4.jar;C:\Users\Dumbledore\.m2\repository\org\apache\maven\surefire\maven-surefire-common\3.0.0-M4\maven-surefire-common-3.0.0-M4.jar;C:\Users\Dumbledore\.m2\repository\org\apache\maven\surefire\surefire-api\3.0.0-M4\surefire-api-3.0.0-M4.jar;C:\Users\Dumbledore\.m2\repository\org\apache\maven\surefire\surefire-logger-api\3.0.0-M4\surefire-logger-api-3.0.0-M4.jar;C:\Users\Dumbledore\.m2\repository\org\apache\maven\surefire\surefire-extensions-api\3.0.0-M4\surefire-extensions-api-3.0.0-M4.jar;C:\Users\Dumbledore\.m2\repository\org\apache\maven\surefire\surefire-booter\3.0.0-M4\surefire-booter-3.0.0-M4.jar;C:\Users\Dumbledore\.m2\repository\org\apache\maven\maven-toolchain\3.0-alpha-2\maven-toolchain-3.0-alpha-2.jar;C:\Users\Dumbledore\.m2\repository\org\apache\maven\shared\maven-artifact-transfer\0.11.0\maven-artifact-transfer-0.11.0.jar;C:\Users\Dumbledore\.m2\repository\org\apache\maven\shared\maven-common-artifact-filters\3.0.1\maven-common-artifact-filters-3.0.1.jar;C:\Users\Dumbledore\.m2\repository\org\apache\maven\maven-model\3.0\maven-model-3.0.jar;C:\Users\Dumbledore\.m2\repository\org\apache\maven\maven-plugin-api\3.0\maven-plugin-api-3.0.jar;C:\Users\Dumbledore\.m2\repository\org\sonatype\sisu\sisu-inject-plexus\1.4.2\sisu-inject-plexus-1.4.2.jar;C:\Users\Dumbledore\.m2\repository\org\codehaus\plexus\plexus-classworlds\2.2.3\plexus-classworlds-2.2.3.jar;C:\Users\Dumbledore\.m2\repository\org\sonatype\sisu\sisu-inject-bean\1.4.2\sisu-inject-bean-1.4.2.jar;C:\Users\Dumbledore\.m2\repository\org\sonatype\sisu\sisu-guice\2.1.7\sisu-guice-2.1.7-noaop.jar;C:\Users\Dumbledore\.m2\repository\org\apache\maven\shared\maven-shared-utils\3.1.0\maven-shared-utils-3.1.0.jar;C:\Users\Dumbledore\.m2\repository\commons-io\commons-io\2.5\commons-io-2.5.jar;C:\Users\Dumbledore\.m2\repository\org\codehaus\plexus\plexus-java\1.0.3\plexus-java-1.0.3.jar;C:\Users\Dumbledore\.m2\repository\org\ow2\asm\asm\7.0\asm-7.0.jar;C:\Users\Dumbledore\.m2\repository\com\thoughtworks\qdox\qdox\2.0-M9\qdox-2.0-M9.jar;"/>
    <property name="sun.cpu.endian" value="little"/>
    <property name="user.home" value="C:\Users\Dumbledore"/>
    <property name="user.language" value="en"/>
    <property name="java.specification.vendor" value="Oracle Corporation"/>
    <property name="java.version.date" value="2023-01-17"/>
    <property name="java.home" value="C:\Program Files\Java\jdk-19"/>
    <property name="file.separator" value="\"/>
    <property name="basedir" value="C:\suganya\myJavaPrograms\RSA"/>
    <property name="java.vm.compressedOopsMode" value="32-bit"/>
    <property name="line.separator" value="&#10;"/>
    <property name="java.vm.specification.vendor" value="Oracle Corporation"/>
    <property name="java.specification.name" value="Java Platform API Specification"/>
    <property name="surefire.real.class.path" value="C:\Users\Dumbledore\AppData\Local\Temp\surefire14208867692452425486\surefirebooter-20230218170343136_3.jar"/>
    <property name="user.script" value=""/>
    <property name="sun.management.compiler" value="HotSpot 64-Bit Tiered Compilers"/>
    <property name="java.runtime.version" value="19.0.2+7-44"/>
    <property name="user.name" value="Dumbledore"/>
    <property name="stdout.encoding" value="Cp1252"/>
    <property name="path.separator" value=";"/>
    <property name="os.version" value="10.0"/>
    <property name="java.runtime.name" value="Java(TM) SE Runtime Environment"/>
    <property name="file.encoding" value="UTF-8"/>
    <property name="java.vm.name" value="Java HotSpot(TM) 64-Bit Server VM"/>
    <property name="localRepository" value="C:\Users\Dumbledore\.m2\repository"/>
    <property name="java.vendor.url.bug" value="https://bugreport.java.com/bugreport/"/>
    <property name="java.io.tmpdir" value="C:\Users\DUMBLE~1\AppData\Local\Temp\"/>
    <property name="java.version" value="19.0.2"/>
    <property name="user.dir" value="C:\suganya\myJavaPrograms\RSA"/>
    <property name="os.arch" value="amd64"/>
    <property name="java.vm.specification.name" value="Java Virtual Machine Specification"/>
    <property name="sun.os.patch.level" value=""/>
    <property name="native.encoding" value="Cp1252"/>
    <property name="java.library.path" value="C:\Program Files\Java\jdk-19\bin;C:\WINDOWS\Sun\Java\bin;C:\WINDOWS\system32;C:\WINDOWS;C:\Program Files\Java\jdk-19\bin;C:\Program Files\Java\jdk1.8.0\bin;C:\Program Files (x86)\Common Files\Oracle\Java\javapath;C:\Program Files (x86)\RSA SecurID Token Common;C:\Program Files\RSA SecurID Token Common;C:\ProgramData\Oracle\Java\javapath;C:\WINDOWS\system32;C:\WINDOWS;C:\WINDOWS\System32\Wbem;C:\WINDOWS\System32\WindowsPowerShell\v1.0\;C:\WINDOWS\System32\OpenSSH\;C:\Program Files\nodejs\node_modules;C:\suganya\apache-maven-3.9.0-bin\apache-maven-3.9.0\bin;C:\Program Files\Java\jdk1.8.0_101\bin;C:\Users\Dumbledore\AppData\Local\Microsoft\WindowsApps;."/>
    <property name="java.vm.info" value="mixed mode, sharing"/>
    <property name="stderr.encoding" value="Cp1252"/>
    <property name="java.vendor" value="Oracle Corporation"/>
    <property name="java.vm.version" value="19.0.2+7-44"/>
    <property name="sun.io.unicode.encoding" value="UnicodeLittle"/>
    <property name="java.class.version" value="63.0"/>
  </properties>
  <testcase name="Verify if the place is being Successfully added using AddPlaceAPI" classname="Validating Place API&apos;s" time="5.167">
    <system-out><![CDATA[======>{"status":"OK","place_id":"6522ce3a8a1377a516c2cd1eb0211005","scope":"APP","reference":"6cad838a88723401a08095e11a0901d96cad838a88723401a08095e11a0901d9","id":"6cad838a88723401a08095e11a0901d9"}
======>{"status":"OK","place_id":"6522ce3a8a1377a516c2cd1eb0211005","scope":"APP","reference":"6cad838a88723401a08095e11a0901d96cad838a88723401a08095e11a0901d9","id":"6cad838a88723401a08095e11a0901d9"}
======>{"location":{"latitude":"-38.383494","longitude":"33.427362"},"accuracy":"50","name":"sana","phone_number":"(+91) 983 893 3937","address":"dubai, vivekanandar theru","types":"shoe park,shop","website":"http:\/\/google.com","language":"English"}
]]></system-out>
  </testcase>
  <testcase name="Verify if the place is being Successfully deleted using deletePlace" classname="Validating Place API&apos;s" time="1.567">
    <system-out><![CDATA[======>{"status":"OK"}
]]></system-out>
  </testcase>
</testsuite>